<?xml version="1.0" encoding="UTF-8"?>
<!-- Generated by org.testng.reporters.JUnitXMLReporter -->
<testsuite ignored="0" hostname="Amals-MacBook-Pro.local" failures="0" tests="3" name="Default test" time="67.365" errors="0" timestamp="2023-10-01T16:57:28 IST">
  <testcase classname="com.subscribe.tests.Test" name="testBahrainPackage" time="26.279"/>
  <testcase classname="com.subscribe.tests.Test" name="testKSAPackage" time="6.582"/>
  <testcase classname="com.subscribe.tests.Test" name="testKuwaitPackage" time="18.869"/>
</testsuite> <!-- Default test -->
